<?xml version="1.0" encoding="UTF-8"?>
<!-- Generated by org.testng.reporters.JUnitReportReporter -->
<testsuite skipped="0" hostname="ip-172-31-95-9" name="test.TestCase2" tests="1" failures="0" timestamp="2021-11-05T05:13:15 UTC" time="0.010" errors="0">
  <testcase name="CreditCardTest" time="0.010" classname="test.TestCase2"/>
  <system-out/>
</testsuite> <!-- test.TestCase2 -->
