<?xml version="1.0" encoding="UTF-8"?>
<!-- Generated by org.testng.reporters.JUnitReportReporter -->
<testsuite skipped="0" hostname="ip-172-31-95-9" name="test.LoginTest" tests="2" failures="0" timestamp="2021-11-07T14:17:53 UTC" time="8.654" errors="0">
  <testcase name="Negativelogin" time="5.065" classname="test.LoginTest"/>
  <system-out/>
  <testcase name="Positivelogin" time="3.589" classname="test.LoginTest"/>
  <system-out/>
</testsuite> <!-- test.LoginTest -->
