<?xml version="1.0" encoding="UTF-8"?>
<!-- Generated by org.testng.reporters.JUnitReportReporter -->
<testsuite skipped="0" hostname="ip-172-31-95-9" name="testNG.TestCase2" tests="1" failures="0" timestamp="2021-11-06T11:38:33 UTC" time="0.009" errors="0">
  <testcase name="CreditCardTest" time="0.009" classname="testNG.TestCase2"/>
  <system-out/>
</testsuite> <!-- testNG.TestCase2 -->
