<?xml version="1.0" encoding="UTF-8"?>
<!-- Generated by org.testng.reporters.JUnitReportReporter -->
<testsuite skipped="0" hostname="ip-172-31-95-9" name="test.TestCase1" tests="1" failures="0" timestamp="2021-11-05T05:13:15 UTC" time="0.002" errors="0">
  <testcase name="CarLoanTest" time="0.002" classname="test.TestCase1"/>
  <system-out/>
</testsuite> <!-- test.TestCase1 -->
